<?xml version="1.0" encoding="UTF-8"?>
<testng-results skipped="0" failed="0" ignored="0" total="1" passed="1">
  <reporter-output>
  </reporter-output>
  <suite name="BDD Test Suite" duration-ms="11615" started-at="2018-09-07T10:04:17Z" finished-at="2018-09-07T10:04:29Z">
    <groups>
      <group name="cucumber">
        <method signature="TestRunner.feature(cucumber.api.testng.CucumberFeatureWrapper)[pri:0, instance:MyRunner.TestRunner@27c20538]" name="feature" class="MyRunner.TestRunner"/>
      </group> <!-- cucumber -->
    </groups>
    <test name="FREE CRM Test" duration-ms="11615" started-at="2018-09-07T10:04:17Z" finished-at="2018-09-07T10:04:29Z">
      <class name="MyRunner.TestRunner">
        <test-method status="PASS" signature="setUpClass()[pri:0, instance:MyRunner.TestRunner@27c20538]" name="setUpClass" is-config="true" duration-ms="380" started-at="2018-09-07T10:04:17Z" finished-at="2018-09-07T10:04:17Z">
          <reporter-output>
          </reporter-output>
        </test-method> <!-- setUpClass -->
        <test-method status="PASS" signature="feature(cucumber.api.testng.CucumberFeatureWrapper)[pri:0, instance:MyRunner.TestRunner@27c20538]" name="feature" duration-ms="10448" started-at="2018-09-07T10:04:18Z" description="Runs Cucumber Feature" data-provider="features" finished-at="2018-09-07T10:04:28Z">
          <params>
            <param index="0">
              <value>
                <![CDATA[Flipkart Visit]]>
              </value>
            </param>
          </params>
          <reporter-output>
          </reporter-output>
        </test-method> <!-- feature -->
        <test-method status="PASS" signature="tearDownClass()[pri:0, instance:MyRunner.TestRunner@27c20538]" name="tearDownClass" is-config="true" duration-ms="651" started-at="2018-09-07T10:04:28Z" finished-at="2018-09-07T10:04:29Z">
          <reporter-output>
          </reporter-output>
        </test-method> <!-- tearDownClass -->
      </class> <!-- MyRunner.TestRunner -->
    </test> <!-- FREE CRM Test -->
  </suite> <!-- BDD Test Suite -->
</testng-results>
